=~=~=~=~=~=~=~=~=~=~=~= PuTTY log 2018.07.22 16:07:31 =~=~=~=~=~=~=~=~=~=~=~=
48:-35&8273
18:-32&8650
-14:-14&9018
-18:-8&9389
-2:-29&9760
17:-74&10133
22:-122&10499
14:-133&10871
17:-43&11242
30:85&11615
27:166&11982
20:169&12357
26:118&12728
49:36&13099
109:-10&13474
132:-34&13839
103:-58&14211
56:-99&14581
14:-129&14952
-14:-119&15324
-14:-93&15694
18:-72&16047
60:-46&16416
113:-8&16792
99:5&17158
24:-8&17528
-31:-17&17901
-64:-32&18269
-58:-63&18640
-45:-129&19006
-29:-149&19379
-2:-105&19737
41:28&20094
62:119&20463
75:191&20838
88:122&21209
108:58&21585
99:27&21954
85:-3&22325
22:-28&22699
-46:-39&23069
-86:-37&23440
-80:-33&23808
-17:10&24181
65:41&24548
95:25&24916
86:-24&25287
14:-92&25657
-48:-87&26031
-109:-33&26400
-128:32&26769
-76:64&27128
8:73&27499
109:0&27871
145:-69&28238
110:-161&28605
61:-200&28973
12:-200&29336
-42:-200&29708
-96:-96&30080
-150:-33&30438
-156:-12&30815
-110:-12&31178
-14:-40&31526
67:-73&31888
80:-92&32260
48:-105&32629
7:-105&32998
-15:-70&33374
14:-28&33742
60:2&34114
82:18&34482
66:16&34852
55:5&35223
35:-6&35596
13:-18&35965
-1:-44&36335
-13:-60&36706
-25:-61&37078
-18:-46&37448
9:-15&37822
48:14&38194
75:28&38562
90:6&38932
70:-39&39305
42:-72&39670
12:-74&40043
-7:-29&40415
-25:54&40786
-35:126&41156
-19:104&41533
18:-10&41902
52:-147&42278
64:-200&42646
64:-200&43014
51:-200&43369
35:-135&43744
19:-21&44120
24:60&44485
44:61&44863
73:26&45230
89:-10&45603
75:-27&45974
43:-12&46347
24:11&46717
3:61&47092
1:83&47460
11:63&47837
24:12&48209
33:-13&48584
26:16&48951
9:100&49326
4:148&49696
26:41&50069
62:-101&50441
73:-200&50810
73:-200&51184
64:-200&51536
43:-138&51904
15:-7&52283
-2:139&52651
0:200&53028
20:200&53396
53:122&53777
139:-4&54138
192:-82&54515
142:-112&54880
116:-122&55256
113:-87&55616
141:-20&55967
118:40&56338
50:74&56711
-1:69&57080
-51:-6&57453
-57:-64&57823
-34:-105&58195
-9:-118&58566
23:-79&58926
62:-15&59300
82:27&59669
81:22&60043
66:-12&60414
29:-71&60788
2:-123&61155
6:-126&61529
39:-61&61900
95:16&62271
145:32&62637
149:12&63006
84:-14&63375
-1:-62&63747
-53:-54&64119
-94:-23&64490
-101:1&64864
-61:22&65229
2:45&65603
76:20&65973
131:-20&66347
117:-38&66714
44:-41&67084
-29:-7&67457
-77:10&67825
-73:18&68195
-15:60&68570
42:88&68939
65:53&69312
45:-11&69683
-4:-101&70055
-50:-122&70427
-86:-91&70798
-116:-47&71153
-114:7&71519
-30:84&71889
64:129&72256
122:76&72625
182:-3&72998
197:-76&73372
114:-122&73743
46:-200&74118
7:-182&74476
-26:-96&74853
-65:7&75223
-74:75&75596
-67:96&75964
-44:70&76342
-24:10&76709
12:-61&77083
35:-109&77453
42:-110&77820
40:-52&78195
10:49&78561
-13:118&78935
-23:128&79305
-23:98&79679
-8:46&80051
34:-24&80420
66:-58&80794
91:-65&81163
102:-47&81536
106:1&81900
73:47&82275
39:89&82641
28:108&83016
42:64&83384
82:2&83757
108:-40&84126
114:-55&84500
107:-54&84870
81:-41&85244
66:-24&85614
46:3&85988
25:15&86355
13:11&86730
13:4&87101
32:-7&87475
27:-20&87847
25:-40&88221
31:-54&88594
37:-38&88966
54:-11&89339
59:11&89711
59:1&90084
52:-39&90457
20:-85&90827
15:-79&91201
21:-24&91568
8:13&91944
2:68&92308
7:99&92685
-1:65&93048
-17:-14&93425
-12:-103&93788
30:-138&94166
68:-115&94529
126:-39&94901
138:26&95272
79:54&95638
-8:37&96004
-69:-38&96379
-78:-111&96746
-53:-200&97120
-27:-200&97476
-1:-93&97833
19:30&98194
33:94&98566
33:82&98932
27:19&99305
7:-53&99677
-18:-102&100052
-29:-124&100421
-43:-87&100769
-46:-22&101131
-16:37&101501
30:43&101864
75:-3&102242
62:-70&102602
48:-130&102974
38:-121&103340
28:-71&103696
2:-6&104061
-15:20&104435
3:-43&104805
36:-124&105179
66:-136&105549
81:-74&105905
86:15&106264
52:101&106638
27:151&107005
15:126&107381
24:14&107754
46:-87&108131
77:-128&108498
116:-127&108870
137:-93&109234
141:-47&109581
123:-6&109935
58:29&110303
7:54&110668
-14:44&111040
-30:11&111406
-23:-28&111780
-23:-76&112152
-37:-91&112504
-39:-77&112857
-25:-54&113219
3:1&113590
45:33&113957
84:4&114332
62:-75&114696
22:-152&115068
-5:-160&115440
-36:-115&115792
-63:-52&116151
-72:-17&116511
-15:-12&116873
93:-23&117238
148:-36&117598
135:-61&117968
73:-83&118337
4:-126&118696
-15:-150&119069
30:-126&119440
113:-47&119797
190:6&120148
200:7&120514
200:-34&120888
100:-108&121257
30:-200&121612
-5:-200&121969
-42:-117&122336
-70:-39&122697
-56:-20&123051
-23:-18&123410
21:-8&123778
64:21&124146
86:52&124517
76:50&124889
30:26&125259
11:-6&125630
14:-40&126005
33:-54&126377
70:-37&126751
112:-7&127121
122:22&127493
131:20&127860
143:-2&128232
119:-34&128603
65:-39&128975
9:-27&129329
-54:5&129707
-81:45&130079
-45:62&130449
50:29&130817
155:-6&131186
170:-31&131558
125:-51&131932
34:-70&132286
-18:-61&132642
-27:-27&133018
-20:1&133388
-4:42&133747
21:39&134123
50:2&134488
72:-62&134857
67:-131&135226
51:-200&135600
23:-189&135961
-21:-163&136309
-45:-116&136672
-38:-71&137036
16:-39&137399
127:-22&137762
174:-41&138129
122:-98&138493
41:-200&138858
-21:-200&139215
-66:-137&139571
-110:-50&139928
-110:6&140295
-45:46&140663
37:47&141032
119:-10&141402
135:-71&141767
101:-130&142127
66:-200&142482
24:-175&142839
11:-109&143206
14:-21&143577
61:-2&143936
120:-38&144310
121:-95&144677
83:-173&145035
28:-200&145386
-35:-117&145751
-76:-20&146119
-51:40&146483
1:72&146840
81:22&147216
118:-45&147586
96:-107&147958
53:-200&148313
7:-200&148666
-31:-148&149031
-51:-51&149405
-28:25&149767
24:67&150121
105:36&150498
200:-53&150870
125:-132&151241
77:-200&151604
45:-200&151932
37:-200&152267
22:-157&152625
15:-79&153000
48:9&153393
130:13&153779
180:-26&154139
196:-78&154513
132:-95&154877
73:-98&155235
15:-50&155585
-13:38&155957
-7:135&156336
23:129&156701
86:22&157082
101:-92&157444
80:-185&157817
58:-200&158178
200:-200&158509
200:-200&158829
-4:-200&159137
-200:200&159428
